<?xml version="1.0" encoding="UTF-8"?>
<Contacts>
<Contact>
  <Name>Tove</Name>
  <Email>Jani</Email>
  <Organization>Reminder</Organization>
</Contact>
<Contact>
  <Name>Tove</Name>
  <Email>Jani</Email>
  <Organization>Reminder</Organization>
</Contact>
<Contact>
  <Name>Tove</Name>
  <Email>Jani</Email>
  <Organization>Reminder</Organization>
</Contact>
</Contacts>